#! /c/Source/iverilog-install/bin/vvp
:ivl_version "12.0 (devel)" "(s20150603-1539-g2693dd32b)";
:ivl_delay_selection "TYPICAL";
:vpi_time_precision - 12;
:vpi_module "C:\iverilog\lib\ivl\system.vpi";
:vpi_module "C:\iverilog\lib\ivl\vhdl_sys.vpi";
:vpi_module "C:\iverilog\lib\ivl\vhdl_textio.vpi";
:vpi_module "C:\iverilog\lib\ivl\v2005_math.vpi";
:vpi_module "C:\iverilog\lib\ivl\va_math.vpi";
S_0000015687898510 .scope module, "multicycle_tb" "multicycle_tb" 2 6;
 .timescale -12 -12;
v00000156878fa5a0_0 .net "MemRead", 0 0, v00000156878f5290_0;  1 drivers
v00000156878fab40_0 .net "MemWrite", 0 0, v00000156878f7200_0;  1 drivers
v00000156878fa8c0_0 .net "PC", 31 0, v00000156878f3be0_0;  1 drivers
v00000156878fb2c0_0 .net "WriteBackData", 31 0, L_0000015687947580;  1 drivers
v00000156878fbae0_0 .var "clk", 0 0;
v00000156878fa3c0_0 .net "dAddress", 31 0, L_00000156879465e0;  1 drivers
v00000156878fbea0_0 .net "dReadData", 31 0, v00000156878fb360_0;  1 drivers
v00000156878fa820_0 .net "dWriteData", 31 0, L_00000156878925f0;  1 drivers
v00000156878fbb80_0 .net "instr", 31 0, v00000156878fa1e0_0;  1 drivers
v00000156878fb720_0 .var "rst", 0 0;
L_00000156878fb220 .part v00000156878f3be0_0, 0, 9;
L_00000156878fabe0 .part L_00000156879465e0, 0, 9;
S_000001568785bfc0 .scope module, "DUT" "multicycle" 2 27, 3 5 0, S_0000015687898510;
 .timescale -12 -12;
    .port_info 0 /OUTPUT 32 "PC";
    .port_info 1 /OUTPUT 32 "dAddress";
    .port_info 2 /OUTPUT 32 "dWriteData";
    .port_info 3 /OUTPUT 1 "MemRead";
    .port_info 4 /OUTPUT 1 "MemWrite";
    .port_info 5 /OUTPUT 32 "WriteBackData";
    .port_info 6 /INPUT 1 "clk";
    .port_info 7 /INPUT 1 "rst";
    .port_info 8 /INPUT 32 "instr";
    .port_info 9 /INPUT 32 "dReadData";
P_000001568785c150 .param/l "EX" 0 3 87, C4<010>;
P_000001568785c188 .param/l "ID" 0 3 86, C4<001>;
P_000001568785c1c0 .param/l "IF" 0 3 85, C4<000>;
P_000001568785c1f8 .param/l "INITIAL_PC" 0 3 5, C4<00000000010000000000000000000000>;
P_000001568785c230 .param/l "MEM" 0 3 88, C4<011>;
P_000001568785c268 .param/l "WB" 0 3 89, C4<100>;
L_0000015687892dd0 .functor AND 1, L_00000156879482a0, L_0000015687949e20, C4<1>, C4<1>;
L_00000156878924a0 .functor AND 1, L_0000015687949420, L_0000015687949ec0, C4<1>, C4<1>;
L_0000015687892120 .functor AND 1, L_00000156879494c0, L_0000015687949240, C4<1>, C4<1>;
L_00000156878923c0 .functor AND 1, L_0000015687949740, L_0000015687949d80, C4<1>, C4<1>;
L_00000156878922e0 .functor AND 1, L_00000156879497e0, L_00000156879491a0, C4<1>, C4<1>;
L_0000015687892190 .functor OR 1, L_0000015687949ba0, L_0000015687949c40, C4<0>, C4<0>;
L_0000015687892b30 .functor OR 1, L_0000015687892190, L_0000015687949f60, C4<0>, C4<0>;
L_0000015687892ba0 .functor AND 1, L_0000015687948fc0, L_0000015687947e40, C4<1>, C4<1>;
v00000156878f4610_0 .net "ALUCtrl", 3 0, L_0000015687949a60;  1 drivers
v00000156878f5010_0 .net "ALUSrc", 0 0, L_0000015687948a20;  1 drivers
v00000156878f5290_0 .var "MemRead", 0 0;
v00000156878f5b50_0 .net "MemToReg", 0 0, L_0000015687948e80;  1 drivers
v00000156878f7200_0 .var "MemWrite", 0 0;
v00000156878f6da0_0 .net "PC", 31 0, v00000156878f3be0_0;  alias, 1 drivers
v00000156878f6a80_0 .net "PCSrc", 0 0, L_00000156879492e0;  1 drivers
v00000156878f6120_0 .var "RegWrite", 0 0;
v00000156878f72a0_0 .net "WriteBackData", 31 0, L_0000015687947580;  alias, 1 drivers
v00000156878f6440_0 .net "Zero", 0 0, L_0000015687947e40;  1 drivers
L_00000156878fe738 .functor BUFT 1, C4<0110>, C4<0>, C4<0>, C4<0>;
v00000156878f6800_0 .net/2u *"_ivl_10", 3 0, L_00000156878fe738;  1 drivers
L_00000156878fee88 .functor BUFT 1, C4<0100000>, C4<0>, C4<0>, C4<0>;
v00000156878f7ac0_0 .net/2u *"_ivl_100", 6 0, L_00000156878fee88;  1 drivers
v00000156878f7340_0 .net *"_ivl_102", 0 0, L_00000156879491a0;  1 drivers
v00000156878f7980_0 .net *"_ivl_105", 0 0, L_00000156878922e0;  1 drivers
L_00000156878feed0 .functor BUFT 1, C4<1010>, C4<0>, C4<0>, C4<0>;
v00000156878f70c0_0 .net/2u *"_ivl_106", 3 0, L_00000156878feed0;  1 drivers
L_00000156878fef18 .functor BUFT 1, C4<100>, C4<0>, C4<0>, C4<0>;
v00000156878f77a0_0 .net/2u *"_ivl_108", 2 0, L_00000156878fef18;  1 drivers
v00000156878f73e0_0 .net *"_ivl_110", 0 0, L_0000015687948b60;  1 drivers
L_00000156878fef60 .functor BUFT 1, C4<1101>, C4<0>, C4<0>, C4<0>;
v00000156878f7160_0 .net/2u *"_ivl_112", 3 0, L_00000156878fef60;  1 drivers
L_00000156878fefa8 .functor BUFT 1, C4<0000>, C4<0>, C4<0>, C4<0>;
v00000156878f6620_0 .net/2u *"_ivl_114", 3 0, L_00000156878fefa8;  1 drivers
v00000156878f6ee0_0 .net *"_ivl_116", 3 0, L_0000015687948de0;  1 drivers
v00000156878f7de0_0 .net *"_ivl_118", 3 0, L_0000015687949560;  1 drivers
L_00000156878fe780 .functor BUFT 1, C4<0000011>, C4<0>, C4<0>, C4<0>;
v00000156878f63a0_0 .net/2u *"_ivl_12", 6 0, L_00000156878fe780;  1 drivers
v00000156878f68a0_0 .net *"_ivl_120", 3 0, L_0000015687949880;  1 drivers
v00000156878f6c60_0 .net *"_ivl_122", 3 0, L_0000015687948d40;  1 drivers
v00000156878f78e0_0 .net *"_ivl_124", 3 0, L_0000015687949600;  1 drivers
v00000156878f7660_0 .net *"_ivl_126", 3 0, L_0000015687949060;  1 drivers
v00000156878f6940_0 .net *"_ivl_128", 3 0, L_0000015687949b00;  1 drivers
v00000156878f7b60_0 .net *"_ivl_130", 3 0, L_0000015687948f20;  1 drivers
v00000156878f7520_0 .net *"_ivl_132", 3 0, L_0000015687949920;  1 drivers
v00000156878f6260_0 .net *"_ivl_134", 3 0, L_00000156879499c0;  1 drivers
v00000156878f7480_0 .net *"_ivl_136", 3 0, L_0000015687948ac0;  1 drivers
v00000156878f69e0_0 .net *"_ivl_138", 3 0, L_00000156879488e0;  1 drivers
v00000156878f64e0_0 .net *"_ivl_14", 0 0, L_0000015687947a80;  1 drivers
L_00000156878feff0 .functor BUFT 1, C4<0010011>, C4<0>, C4<0>, C4<0>;
v00000156878f6f80_0 .net/2u *"_ivl_142", 6 0, L_00000156878feff0;  1 drivers
v00000156878f7e80_0 .net *"_ivl_144", 0 0, L_0000015687949ba0;  1 drivers
L_00000156878ff038 .functor BUFT 1, C4<0000011>, C4<0>, C4<0>, C4<0>;
v00000156878f7020_0 .net/2u *"_ivl_146", 6 0, L_00000156878ff038;  1 drivers
v00000156878f75c0_0 .net *"_ivl_148", 0 0, L_0000015687949c40;  1 drivers
v00000156878f7700_0 .net *"_ivl_151", 0 0, L_0000015687892190;  1 drivers
L_00000156878ff080 .functor BUFT 1, C4<0100011>, C4<0>, C4<0>, C4<0>;
v00000156878f6e40_0 .net/2u *"_ivl_152", 6 0, L_00000156878ff080;  1 drivers
v00000156878f7840_0 .net *"_ivl_154", 0 0, L_0000015687949f60;  1 drivers
v00000156878f7a20_0 .net *"_ivl_157", 0 0, L_0000015687892b30;  1 drivers
L_00000156878ff0c8 .functor BUFT 1, C4<01>, C4<0>, C4<0>, C4<0>;
v00000156878f7c00_0 .net/2s *"_ivl_158", 1 0, L_00000156878ff0c8;  1 drivers
L_00000156878fe7c8 .functor BUFT 1, C4<0010>, C4<0>, C4<0>, C4<0>;
v00000156878f66c0_0 .net/2u *"_ivl_16", 3 0, L_00000156878fe7c8;  1 drivers
L_00000156878ff110 .functor BUFT 1, C4<00>, C4<0>, C4<0>, C4<0>;
v00000156878f6080_0 .net/2s *"_ivl_160", 1 0, L_00000156878ff110;  1 drivers
v00000156878f7ca0_0 .net *"_ivl_162", 1 0, L_0000015687948980;  1 drivers
L_00000156878ff158 .functor BUFT 1, C4<0000011>, C4<0>, C4<0>, C4<0>;
v00000156878f7f20_0 .net/2u *"_ivl_166", 6 0, L_00000156878ff158;  1 drivers
v00000156878f7d40_0 .net *"_ivl_168", 0 0, L_0000015687948c00;  1 drivers
L_00000156878ff1a0 .functor BUFT 1, C4<01>, C4<0>, C4<0>, C4<0>;
v00000156878f6d00_0 .net/2s *"_ivl_170", 1 0, L_00000156878ff1a0;  1 drivers
L_00000156878ff1e8 .functor BUFT 1, C4<00>, C4<0>, C4<0>, C4<0>;
v00000156878f6580_0 .net/2s *"_ivl_172", 1 0, L_00000156878ff1e8;  1 drivers
v00000156878f61c0_0 .net *"_ivl_174", 1 0, L_0000015687948ca0;  1 drivers
L_00000156878ff230 .functor BUFT 1, C4<1100011>, C4<0>, C4<0>, C4<0>;
v00000156878f6300_0 .net/2u *"_ivl_178", 6 0, L_00000156878ff230;  1 drivers
L_00000156878fe810 .functor BUFT 1, C4<0100011>, C4<0>, C4<0>, C4<0>;
v00000156878f6760_0 .net/2u *"_ivl_18", 6 0, L_00000156878fe810;  1 drivers
v00000156878f6b20_0 .net *"_ivl_180", 0 0, L_0000015687948fc0;  1 drivers
v00000156878f6bc0_0 .net *"_ivl_183", 0 0, L_0000015687892ba0;  1 drivers
L_00000156878ff278 .functor BUFT 1, C4<01>, C4<0>, C4<0>, C4<0>;
v00000156878f8950_0 .net/2s *"_ivl_184", 1 0, L_00000156878ff278;  1 drivers
L_00000156878ff2c0 .functor BUFT 1, C4<00>, C4<0>, C4<0>, C4<0>;
v00000156878f81d0_0 .net/2s *"_ivl_186", 1 0, L_00000156878ff2c0;  1 drivers
v00000156878f89f0_0 .net *"_ivl_188", 1 0, L_0000015687949100;  1 drivers
v00000156878f9350_0 .net *"_ivl_20", 0 0, L_0000015687947c60;  1 drivers
L_00000156878fe858 .functor BUFT 1, C4<0010>, C4<0>, C4<0>, C4<0>;
v00000156878f92b0_0 .net/2u *"_ivl_22", 3 0, L_00000156878fe858;  1 drivers
L_00000156878fe8a0 .functor BUFT 1, C4<111>, C4<0>, C4<0>, C4<0>;
v00000156878f8450_0 .net/2u *"_ivl_24", 2 0, L_00000156878fe8a0;  1 drivers
v00000156878f9f30_0 .net *"_ivl_26", 0 0, L_0000015687947d00;  1 drivers
L_00000156878fe8e8 .functor BUFT 1, C4<0000>, C4<0>, C4<0>, C4<0>;
v00000156878f9490_0 .net/2u *"_ivl_28", 3 0, L_00000156878fe8e8;  1 drivers
L_00000156878fe930 .functor BUFT 1, C4<110>, C4<0>, C4<0>, C4<0>;
v00000156878f8090_0 .net/2u *"_ivl_30", 2 0, L_00000156878fe930;  1 drivers
v00000156878f9670_0 .net *"_ivl_32", 0 0, L_0000015687947da0;  1 drivers
L_00000156878fe978 .functor BUFT 1, C4<0001>, C4<0>, C4<0>, C4<0>;
v00000156878f93f0_0 .net/2u *"_ivl_34", 3 0, L_00000156878fe978;  1 drivers
L_00000156878fe9c0 .functor BUFT 1, C4<000>, C4<0>, C4<0>, C4<0>;
v00000156878f9530_0 .net/2u *"_ivl_36", 2 0, L_00000156878fe9c0;  1 drivers
v00000156878f9a30_0 .net *"_ivl_38", 0 0, L_00000156879482a0;  1 drivers
L_00000156878fea08 .functor BUFT 1, C4<0000000>, C4<0>, C4<0>, C4<0>;
v00000156878f8270_0 .net/2u *"_ivl_40", 6 0, L_00000156878fea08;  1 drivers
v00000156878f9850_0 .net *"_ivl_42", 0 0, L_0000015687949e20;  1 drivers
v00000156878f95d0_0 .net *"_ivl_45", 0 0, L_0000015687892dd0;  1 drivers
L_00000156878fea50 .functor BUFT 1, C4<0010>, C4<0>, C4<0>, C4<0>;
v00000156878f9b70_0 .net/2u *"_ivl_46", 3 0, L_00000156878fea50;  1 drivers
L_00000156878fea98 .functor BUFT 1, C4<000>, C4<0>, C4<0>, C4<0>;
v00000156878f8630_0 .net/2u *"_ivl_48", 2 0, L_00000156878fea98;  1 drivers
v00000156878f8f90_0 .net *"_ivl_50", 0 0, L_0000015687949420;  1 drivers
L_00000156878feae0 .functor BUFT 1, C4<0010011>, C4<0>, C4<0>, C4<0>;
v00000156878f90d0_0 .net/2u *"_ivl_52", 6 0, L_00000156878feae0;  1 drivers
v00000156878f8310_0 .net *"_ivl_54", 0 0, L_0000015687949ec0;  1 drivers
v00000156878f9e90_0 .net *"_ivl_57", 0 0, L_00000156878924a0;  1 drivers
L_00000156878feb28 .functor BUFT 1, C4<0010>, C4<0>, C4<0>, C4<0>;
v00000156878f84f0_0 .net/2u *"_ivl_58", 3 0, L_00000156878feb28;  1 drivers
L_00000156878fe6f0 .functor BUFT 1, C4<1100011>, C4<0>, C4<0>, C4<0>;
v00000156878f8a90_0 .net/2u *"_ivl_6", 6 0, L_00000156878fe6f0;  1 drivers
L_00000156878feb70 .functor BUFT 1, C4<000>, C4<0>, C4<0>, C4<0>;
v00000156878f98f0_0 .net/2u *"_ivl_60", 2 0, L_00000156878feb70;  1 drivers
v00000156878f8590_0 .net *"_ivl_62", 0 0, L_00000156879494c0;  1 drivers
L_00000156878febb8 .functor BUFT 1, C4<0100000>, C4<0>, C4<0>, C4<0>;
v00000156878f9710_0 .net/2u *"_ivl_64", 6 0, L_00000156878febb8;  1 drivers
v00000156878f8e50_0 .net *"_ivl_66", 0 0, L_0000015687949240;  1 drivers
v00000156878f9990_0 .net *"_ivl_69", 0 0, L_0000015687892120;  1 drivers
L_00000156878fec00 .functor BUFT 1, C4<0110>, C4<0>, C4<0>, C4<0>;
v00000156878f9030_0 .net/2u *"_ivl_70", 3 0, L_00000156878fec00;  1 drivers
L_00000156878fec48 .functor BUFT 1, C4<010>, C4<0>, C4<0>, C4<0>;
v00000156878f8810_0 .net/2u *"_ivl_72", 2 0, L_00000156878fec48;  1 drivers
v00000156878f97b0_0 .net *"_ivl_74", 0 0, L_00000156879496a0;  1 drivers
L_00000156878fec90 .functor BUFT 1, C4<0111>, C4<0>, C4<0>, C4<0>;
v00000156878f8ef0_0 .net/2u *"_ivl_76", 3 0, L_00000156878fec90;  1 drivers
L_00000156878fecd8 .functor BUFT 1, C4<001>, C4<0>, C4<0>, C4<0>;
v00000156878f8b30_0 .net/2u *"_ivl_78", 2 0, L_00000156878fecd8;  1 drivers
v00000156878f83b0_0 .net *"_ivl_8", 0 0, L_00000156879479e0;  1 drivers
v00000156878f88b0_0 .net *"_ivl_80", 0 0, L_0000015687949ce0;  1 drivers
L_00000156878fed20 .functor BUFT 1, C4<1001>, C4<0>, C4<0>, C4<0>;
v00000156878f8130_0 .net/2u *"_ivl_82", 3 0, L_00000156878fed20;  1 drivers
L_00000156878fed68 .functor BUFT 1, C4<101>, C4<0>, C4<0>, C4<0>;
v00000156878f9ad0_0 .net/2u *"_ivl_84", 2 0, L_00000156878fed68;  1 drivers
v00000156878f86d0_0 .net *"_ivl_86", 0 0, L_0000015687949740;  1 drivers
L_00000156878fedb0 .functor BUFT 1, C4<0000000>, C4<0>, C4<0>, C4<0>;
v00000156878f9c10_0 .net/2u *"_ivl_88", 6 0, L_00000156878fedb0;  1 drivers
v00000156878f9cb0_0 .net *"_ivl_90", 0 0, L_0000015687949d80;  1 drivers
v00000156878f9170_0 .net *"_ivl_93", 0 0, L_00000156878923c0;  1 drivers
L_00000156878fedf8 .functor BUFT 1, C4<1000>, C4<0>, C4<0>, C4<0>;
v00000156878f8db0_0 .net/2u *"_ivl_94", 3 0, L_00000156878fedf8;  1 drivers
L_00000156878fee40 .functor BUFT 1, C4<101>, C4<0>, C4<0>, C4<0>;
v00000156878f9d50_0 .net/2u *"_ivl_96", 2 0, L_00000156878fee40;  1 drivers
v00000156878f8770_0 .net *"_ivl_98", 0 0, L_00000156879497e0;  1 drivers
v00000156878f9df0_0 .net "clk", 0 0, v00000156878fbae0_0;  1 drivers
v00000156878f8d10_0 .var "current_state", 2 0;
v00000156878f8bd0_0 .net "dAddress", 31 0, L_00000156879465e0;  alias, 1 drivers
v00000156878f9210_0 .net "dReadData", 31 0, v00000156878fb360_0;  alias, 1 drivers
v00000156878f8c70_0 .net "dWriteData", 31 0, L_00000156878925f0;  alias, 1 drivers
v00000156878fb7c0_0 .net "funct3", 2 0, L_0000015687948200;  1 drivers
v00000156878fba40_0 .net "funct7", 6 0, L_0000015687947940;  1 drivers
v00000156878fbe00_0 .net "instr", 31 0, v00000156878fa1e0_0;  alias, 1 drivers
v00000156878fb040_0 .var "loadPC", 0 0;
v00000156878fa960_0 .var "next_state", 2 0;
v00000156878fb180_0 .net "opcode", 6 0, L_00000156879467c0;  1 drivers
v00000156878fa0a0_0 .net "rst", 0 0, v00000156878fb720_0;  1 drivers
E_000001568788d620 .event anyedge, v00000156878f8d10_0;
L_00000156879467c0 .part v00000156878fa1e0_0, 0, 7;
L_0000015687948200 .part v00000156878fa1e0_0, 12, 3;
L_0000015687947940 .part v00000156878fa1e0_0, 25, 7;
L_00000156879479e0 .cmp/eq 7, L_00000156879467c0, L_00000156878fe6f0;
L_0000015687947a80 .cmp/eq 7, L_00000156879467c0, L_00000156878fe780;
L_0000015687947c60 .cmp/eq 7, L_00000156879467c0, L_00000156878fe810;
L_0000015687947d00 .cmp/eq 3, L_0000015687948200, L_00000156878fe8a0;
L_0000015687947da0 .cmp/eq 3, L_0000015687948200, L_00000156878fe930;
L_00000156879482a0 .cmp/eq 3, L_0000015687948200, L_00000156878fe9c0;
L_0000015687949e20 .cmp/eq 7, L_0000015687947940, L_00000156878fea08;
L_0000015687949420 .cmp/eq 3, L_0000015687948200, L_00000156878fea98;
L_0000015687949ec0 .cmp/eq 7, L_00000156879467c0, L_00000156878feae0;
L_00000156879494c0 .cmp/eq 3, L_0000015687948200, L_00000156878feb70;
L_0000015687949240 .cmp/eq 7, L_0000015687947940, L_00000156878febb8;
L_00000156879496a0 .cmp/eq 3, L_0000015687948200, L_00000156878fec48;
L_0000015687949ce0 .cmp/eq 3, L_0000015687948200, L_00000156878fecd8;
L_0000015687949740 .cmp/eq 3, L_0000015687948200, L_00000156878fed68;
L_0000015687949d80 .cmp/eq 7, L_0000015687947940, L_00000156878fedb0;
L_00000156879497e0 .cmp/eq 3, L_0000015687948200, L_00000156878fee40;
L_00000156879491a0 .cmp/eq 7, L_0000015687947940, L_00000156878fee88;
L_0000015687948b60 .cmp/eq 3, L_0000015687948200, L_00000156878fef18;
L_0000015687948de0 .functor MUXZ 4, L_00000156878fefa8, L_00000156878fef60, L_0000015687948b60, C4<>;
L_0000015687949560 .functor MUXZ 4, L_0000015687948de0, L_00000156878feed0, L_00000156878922e0, C4<>;
L_0000015687949880 .functor MUXZ 4, L_0000015687949560, L_00000156878fedf8, L_00000156878923c0, C4<>;
L_0000015687948d40 .functor MUXZ 4, L_0000015687949880, L_00000156878fed20, L_0000015687949ce0, C4<>;
L_0000015687949600 .functor MUXZ 4, L_0000015687948d40, L_00000156878fec90, L_00000156879496a0, C4<>;
L_0000015687949060 .functor MUXZ 4, L_0000015687949600, L_00000156878fec00, L_0000015687892120, C4<>;
L_0000015687949b00 .functor MUXZ 4, L_0000015687949060, L_00000156878feb28, L_00000156878924a0, C4<>;
L_0000015687948f20 .functor MUXZ 4, L_0000015687949b00, L_00000156878fea50, L_0000015687892dd0, C4<>;
L_0000015687949920 .functor MUXZ 4, L_0000015687948f20, L_00000156878fe978, L_0000015687947da0, C4<>;
L_00000156879499c0 .functor MUXZ 4, L_0000015687949920, L_00000156878fe8e8, L_0000015687947d00, C4<>;
L_0000015687948ac0 .functor MUXZ 4, L_00000156879499c0, L_00000156878fe858, L_0000015687947c60, C4<>;
L_00000156879488e0 .functor MUXZ 4, L_0000015687948ac0, L_00000156878fe7c8, L_0000015687947a80, C4<>;
L_0000015687949a60 .functor MUXZ 4, L_00000156879488e0, L_00000156878fe738, L_00000156879479e0, C4<>;
L_0000015687949ba0 .cmp/eq 7, L_00000156879467c0, L_00000156878feff0;
L_0000015687949c40 .cmp/eq 7, L_00000156879467c0, L_00000156878ff038;
L_0000015687949f60 .cmp/eq 7, L_00000156879467c0, L_00000156878ff080;
L_0000015687948980 .functor MUXZ 2, L_00000156878ff110, L_00000156878ff0c8, L_0000015687892b30, C4<>;
L_0000015687948a20 .part L_0000015687948980, 0, 1;
L_0000015687948c00 .cmp/eq 7, L_00000156879467c0, L_00000156878ff158;
L_0000015687948ca0 .functor MUXZ 2, L_00000156878ff1e8, L_00000156878ff1a0, L_0000015687948c00, C4<>;
L_0000015687948e80 .part L_0000015687948ca0, 0, 1;
L_0000015687948fc0 .cmp/eq 7, L_00000156879467c0, L_00000156878ff230;
L_0000015687949100 .functor MUXZ 2, L_00000156878ff2c0, L_00000156878ff278, L_0000015687892ba0, C4<>;
L_00000156879492e0 .part L_0000015687949100, 0, 1;
S_000001568785c2b0 .scope module, "my_datapath" "datapath" 3 23, 4 6 0, S_000001568785bfc0;
 .timescale -12 -12;
    .port_info 0 /OUTPUT 32 "PC";
    .port_info 1 /OUTPUT 1 "Zero";
    .port_info 2 /OUTPUT 32 "dAddress";
    .port_info 3 /OUTPUT 32 "dWriteData";
    .port_info 4 /OUTPUT 32 "WriteBackData";
    .port_info 5 /INPUT 1 "clk";
    .port_info 6 /INPUT 1 "rst";
    .port_info 7 /INPUT 32 "instr";
    .port_info 8 /INPUT 1 "PCSrc";
    .port_info 9 /INPUT 1 "ALUSrc";
    .port_info 10 /INPUT 1 "RegWrite";
    .port_info 11 /INPUT 1 "MemToReg";
    .port_info 12 /INPUT 4 "ALUCtrl";
    .port_info 13 /INPUT 1 "loadPC";
    .port_info 14 /INPUT 32 "dReadData";
P_000001568788d1a0 .param/l "INITIAL_PC" 0 4 6, C4<00000000010000000000000000000000>;
L_0000015687892e40 .functor OR 1, L_00000156878fafa0, L_00000156878fac80, C4<0>, C4<0>;
L_00000156878927b0 .functor AND 1, L_00000156878fae60, L_0000015687892e40, C4<1>, C4<1>;
L_0000015687892ac0 .functor BUFZ 32, v00000156878f2060_0, C4<00000000000000000000000000000000>, C4<00000000000000000000000000000000>, C4<00000000000000000000000000000000>;
L_00000156878925f0 .functor BUFZ 32, v00000156878f26a0_0, C4<00000000000000000000000000000000>, C4<00000000000000000000000000000000>, C4<00000000000000000000000000000000>;
L_0000015687892200 .functor BUFZ 32, L_0000015687947580, C4<00000000000000000000000000000000>, C4<00000000000000000000000000000000>, C4<00000000000000000000000000000000>;
v00000156878f3000_0 .net "ALUCtrl", 3 0, L_0000015687949a60;  alias, 1 drivers
v00000156878f3a00_0 .net "ALUSrc", 0 0, L_0000015687948a20;  alias, 1 drivers
v00000156878f2880_0 .net "IG_data", 31 0, L_0000015687946cc0;  1 drivers
v00000156878f3820_0 .net "MemToReg", 0 0, L_0000015687948e80;  alias, 1 drivers
v00000156878f3be0_0 .var "PC", 31 0;
v00000156878f3320_0 .net "PCSrc", 0 0, L_00000156879492e0;  alias, 1 drivers
v00000156878f2240_0 .net "RegWrite", 0 0, v00000156878f6120_0;  1 drivers
v00000156878f22e0_0 .net "WriteBackData", 31 0, L_0000015687947580;  alias, 1 drivers
v00000156878f2420_0 .net "Zero", 0 0, L_0000015687947e40;  alias, 1 drivers
L_00000156878fe078 .functor BUFT 1, C4<0010011>, C4<0>, C4<0>, C4<0>;
v00000156878f3500_0 .net/2u *"_ivl_10", 6 0, L_00000156878fe078;  1 drivers
v00000156878f2c40_0 .net *"_ivl_104", 30 0, L_0000015687947b20;  1 drivers
L_00000156878fe2b8 .functor BUFT 1, C4<0>, C4<0>, C4<0>, C4<0>;
v00000156878f27e0_0 .net *"_ivl_106", 0 0, L_00000156878fe2b8;  1 drivers
v00000156878f38c0_0 .net *"_ivl_12", 0 0, L_00000156878fae60;  1 drivers
L_00000156878fe0c0 .functor BUFT 1, C4<101>, C4<0>, C4<0>, C4<0>;
v00000156878f3280_0 .net/2u *"_ivl_14", 2 0, L_00000156878fe0c0;  1 drivers
v00000156878f33c0_0 .net *"_ivl_16", 0 0, L_00000156878fafa0;  1 drivers
L_00000156878fe108 .functor BUFT 1, C4<001>, C4<0>, C4<0>, C4<0>;
v00000156878f3960_0 .net/2u *"_ivl_18", 2 0, L_00000156878fe108;  1 drivers
v00000156878f2380_0 .net *"_ivl_20", 0 0, L_00000156878fac80;  1 drivers
v00000156878f3aa0_0 .net *"_ivl_23", 0 0, L_0000015687892e40;  1 drivers
v00000156878f24c0_0 .net *"_ivl_25", 0 0, L_00000156878927b0;  1 drivers
v00000156878f2560_0 .net *"_ivl_27", 0 0, L_00000156878fbcc0;  1 drivers
v00000156878f2600_0 .net *"_ivl_28", 26 0, L_00000156878fb400;  1 drivers
v00000156878f2740_0 .net *"_ivl_31", 4 0, L_00000156878fb540;  1 drivers
v00000156878f2a60_0 .net *"_ivl_32", 31 0, L_00000156878fbd60;  1 drivers
L_00000156878fe150 .functor BUFT 1, C4<0010011>, C4<0>, C4<0>, C4<0>;
v00000156878f29c0_0 .net/2u *"_ivl_34", 6 0, L_00000156878fe150;  1 drivers
v00000156878f2b00_0 .net *"_ivl_36", 0 0, L_00000156878fb9a0;  1 drivers
v00000156878f2ba0_0 .net *"_ivl_39", 0 0, L_00000156878fb0e0;  1 drivers
v00000156878f2ce0_0 .net *"_ivl_40", 19 0, L_00000156878fbc20;  1 drivers
v00000156878f2d80_0 .net *"_ivl_43", 11 0, L_00000156878fb4a0;  1 drivers
v00000156878f4d90_0 .net *"_ivl_44", 31 0, L_00000156878fad20;  1 drivers
L_00000156878fe198 .functor BUFT 1, C4<1100011>, C4<0>, C4<0>, C4<0>;
v00000156878f41b0_0 .net/2u *"_ivl_46", 6 0, L_00000156878fe198;  1 drivers
v00000156878f55b0_0 .net *"_ivl_48", 0 0, L_00000156878fadc0;  1 drivers
v00000156878f4ed0_0 .net *"_ivl_51", 0 0, L_00000156878fa140;  1 drivers
v00000156878f4b10_0 .net *"_ivl_52", 19 0, L_00000156878fb680;  1 drivers
v00000156878f5bf0_0 .net *"_ivl_55", 0 0, L_00000156878faf00;  1 drivers
v00000156878f4390_0 .net *"_ivl_57", 0 0, L_0000015687948840;  1 drivers
v00000156878f47f0_0 .net *"_ivl_59", 5 0, L_00000156879462c0;  1 drivers
v00000156878f5650_0 .net *"_ivl_61", 3 0, L_0000015687946a40;  1 drivers
v00000156878f5330_0 .net *"_ivl_62", 31 0, L_0000015687946fe0;  1 drivers
L_00000156878fe1e0 .functor BUFT 1, C4<0100011>, C4<0>, C4<0>, C4<0>;
v00000156878f5830_0 .net/2u *"_ivl_64", 6 0, L_00000156878fe1e0;  1 drivers
v00000156878f4430_0 .net *"_ivl_66", 0 0, L_0000015687946c20;  1 drivers
v00000156878f53d0_0 .net *"_ivl_69", 0 0, L_00000156879483e0;  1 drivers
v00000156878f46b0_0 .net *"_ivl_70", 19 0, L_0000015687947760;  1 drivers
v00000156878f5470_0 .net *"_ivl_73", 6 0, L_0000015687947260;  1 drivers
v00000156878f5c90_0 .net *"_ivl_75", 4 0, L_00000156879476c0;  1 drivers
v00000156878f50b0_0 .net *"_ivl_76", 31 0, L_0000015687946ae0;  1 drivers
L_00000156878fe228 .functor BUFT 1, C4<0000011>, C4<0>, C4<0>, C4<0>;
v00000156878f4c50_0 .net/2u *"_ivl_78", 6 0, L_00000156878fe228;  1 drivers
v00000156878f5f10_0 .net *"_ivl_80", 0 0, L_0000015687947f80;  1 drivers
v00000156878f4f70_0 .net *"_ivl_83", 0 0, L_0000015687948480;  1 drivers
v00000156878f5a10_0 .net *"_ivl_84", 19 0, L_0000015687948340;  1 drivers
v00000156878f5ab0_0 .net *"_ivl_87", 11 0, L_0000015687947ee0;  1 drivers
v00000156878f5150_0 .net *"_ivl_88", 31 0, L_0000015687948520;  1 drivers
L_00000156878fe270 .functor BUFT 1, C4<00000000000000000000000000000000>, C4<0>, C4<0>, C4<0>;
v00000156878f4890_0 .net/2u *"_ivl_90", 31 0, L_00000156878fe270;  1 drivers
v00000156878f5510_0 .net *"_ivl_92", 31 0, L_0000015687946860;  1 drivers
v00000156878f5790_0 .net *"_ivl_94", 31 0, L_0000015687947620;  1 drivers
v00000156878f4750_0 .net *"_ivl_96", 31 0, L_0000015687946ea0;  1 drivers
v00000156878f5d30_0 .net *"_ivl_98", 31 0, L_0000015687948020;  1 drivers
v00000156878f4070_0 .net "alu_op1", 31 0, L_0000015687892ac0;  1 drivers
v00000156878f4930_0 .net "alu_op2", 31 0, L_0000015687948660;  1 drivers
v00000156878f4a70_0 .net "branch_offset", 31 0, L_0000015687947300;  1 drivers
v00000156878f4bb0_0 .net "clk", 0 0, v00000156878fbae0_0;  alias, 1 drivers
v00000156878f5dd0_0 .net "dAddress", 31 0, L_00000156879465e0;  alias, 1 drivers
v00000156878f4570_0 .net "dReadData", 31 0, v00000156878fb360_0;  alias, 1 drivers
v00000156878f51f0_0 .net "dWriteData", 31 0, L_00000156878925f0;  alias, 1 drivers
v00000156878f5e70_0 .net "funct3", 2 0, L_00000156878fa640;  1 drivers
v00000156878f4110_0 .net "instr", 31 0, v00000156878fa1e0_0;  alias, 1 drivers
v00000156878f49d0_0 .net "loadPC", 0 0, v00000156878fb040_0;  1 drivers
v00000156878f4cf0_0 .net "opcode", 6 0, L_00000156878fb900;  1 drivers
v00000156878f4250_0 .net "readData1", 31 0, v00000156878f2060_0;  1 drivers
v00000156878f58d0_0 .net "readData2", 31 0, v00000156878f26a0_0;  1 drivers
v00000156878f44d0_0 .net "readReg1", 4 0, L_00000156878fa460;  1 drivers
v00000156878f56f0_0 .net "readReg2", 4 0, L_00000156878fa500;  1 drivers
v00000156878f4e30_0 .net "rst", 0 0, v00000156878fb720_0;  alias, 1 drivers
v00000156878f42f0_0 .net "writeData", 31 0, L_0000015687892200;  1 drivers
v00000156878f5970_0 .net "writeReg", 4 0, L_00000156878faa00;  1 drivers
L_00000156878fa460 .part v00000156878fa1e0_0, 15, 5;
L_00000156878fa500 .part v00000156878fa1e0_0, 20, 5;
L_00000156878faa00 .part v00000156878fa1e0_0, 7, 5;
L_00000156878fb900 .part v00000156878fa1e0_0, 0, 7;
L_00000156878fa640 .part v00000156878fa1e0_0, 12, 3;
L_00000156878fae60 .cmp/eq 7, L_00000156878fb900, L_00000156878fe078;
L_00000156878fafa0 .cmp/eq 3, L_00000156878fa640, L_00000156878fe0c0;
L_00000156878fac80 .cmp/eq 3, L_00000156878fa640, L_00000156878fe108;
L_00000156878fbcc0 .part v00000156878fa1e0_0, 24, 1;
LS_00000156878fb400_0_0 .concat [ 1 1 1 1], L_00000156878fbcc0, L_00000156878fbcc0, L_00000156878fbcc0, L_00000156878fbcc0;
LS_00000156878fb400_0_4 .concat [ 1 1 1 1], L_00000156878fbcc0, L_00000156878fbcc0, L_00000156878fbcc0, L_00000156878fbcc0;
LS_00000156878fb400_0_8 .concat [ 1 1 1 1], L_00000156878fbcc0, L_00000156878fbcc0, L_00000156878fbcc0, L_00000156878fbcc0;
LS_00000156878fb400_0_12 .concat [ 1 1 1 1], L_00000156878fbcc0, L_00000156878fbcc0, L_00000156878fbcc0, L_00000156878fbcc0;
LS_00000156878fb400_0_16 .concat [ 1 1 1 1], L_00000156878fbcc0, L_00000156878fbcc0, L_00000156878fbcc0, L_00000156878fbcc0;
LS_00000156878fb400_0_20 .concat [ 1 1 1 1], L_00000156878fbcc0, L_00000156878fbcc0, L_00000156878fbcc0, L_00000156878fbcc0;
LS_00000156878fb400_0_24 .concat [ 1 1 1 0], L_00000156878fbcc0, L_00000156878fbcc0, L_00000156878fbcc0;
LS_00000156878fb400_1_0 .concat [ 4 4 4 4], LS_00000156878fb400_0_0, LS_00000156878fb400_0_4, LS_00000156878fb400_0_8, LS_00000156878fb400_0_12;
LS_00000156878fb400_1_4 .concat [ 4 4 3 0], LS_00000156878fb400_0_16, LS_00000156878fb400_0_20, LS_00000156878fb400_0_24;
L_00000156878fb400 .concat [ 16 11 0 0], LS_00000156878fb400_1_0, LS_00000156878fb400_1_4;
L_00000156878fb540 .part v00000156878fa1e0_0, 20, 5;
L_00000156878fbd60 .concat [ 5 27 0 0], L_00000156878fb540, L_00000156878fb400;
L_00000156878fb9a0 .cmp/eq 7, L_00000156878fb900, L_00000156878fe150;
L_00000156878fb0e0 .part v00000156878fa1e0_0, 31, 1;
LS_00000156878fbc20_0_0 .concat [ 1 1 1 1], L_00000156878fb0e0, L_00000156878fb0e0, L_00000156878fb0e0, L_00000156878fb0e0;
LS_00000156878fbc20_0_4 .concat [ 1 1 1 1], L_00000156878fb0e0, L_00000156878fb0e0, L_00000156878fb0e0, L_00000156878fb0e0;
LS_00000156878fbc20_0_8 .concat [ 1 1 1 1], L_00000156878fb0e0, L_00000156878fb0e0, L_00000156878fb0e0, L_00000156878fb0e0;
LS_00000156878fbc20_0_12 .concat [ 1 1 1 1], L_00000156878fb0e0, L_00000156878fb0e0, L_00000156878fb0e0, L_00000156878fb0e0;
LS_00000156878fbc20_0_16 .concat [ 1 1 1 1], L_00000156878fb0e0, L_00000156878fb0e0, L_00000156878fb0e0, L_00000156878fb0e0;
LS_00000156878fbc20_1_0 .concat [ 4 4 4 4], LS_00000156878fbc20_0_0, LS_00000156878fbc20_0_4, LS_00000156878fbc20_0_8, LS_00000156878fbc20_0_12;
LS_00000156878fbc20_1_4 .concat [ 4 0 0 0], LS_00000156878fbc20_0_16;
L_00000156878fbc20 .concat [ 16 4 0 0], LS_00000156878fbc20_1_0, LS_00000156878fbc20_1_4;
L_00000156878fb4a0 .part v00000156878fa1e0_0, 20, 12;
L_00000156878fad20 .concat [ 12 20 0 0], L_00000156878fb4a0, L_00000156878fbc20;
L_00000156878fadc0 .cmp/eq 7, L_00000156878fb900, L_00000156878fe198;
L_00000156878fa140 .part v00000156878fa1e0_0, 31, 1;
LS_00000156878fb680_0_0 .concat [ 1 1 1 1], L_00000156878fa140, L_00000156878fa140, L_00000156878fa140, L_00000156878fa140;
LS_00000156878fb680_0_4 .concat [ 1 1 1 1], L_00000156878fa140, L_00000156878fa140, L_00000156878fa140, L_00000156878fa140;
LS_00000156878fb680_0_8 .concat [ 1 1 1 1], L_00000156878fa140, L_00000156878fa140, L_00000156878fa140, L_00000156878fa140;
LS_00000156878fb680_0_12 .concat [ 1 1 1 1], L_00000156878fa140, L_00000156878fa140, L_00000156878fa140, L_00000156878fa140;
LS_00000156878fb680_0_16 .concat [ 1 1 1 1], L_00000156878fa140, L_00000156878fa140, L_00000156878fa140, L_00000156878fa140;
LS_00000156878fb680_1_0 .concat [ 4 4 4 4], LS_00000156878fb680_0_0, LS_00000156878fb680_0_4, LS_00000156878fb680_0_8, LS_00000156878fb680_0_12;
LS_00000156878fb680_1_4 .concat [ 4 0 0 0], LS_00000156878fb680_0_16;
L_00000156878fb680 .concat [ 16 4 0 0], LS_00000156878fb680_1_0, LS_00000156878fb680_1_4;
L_00000156878faf00 .part v00000156878fa1e0_0, 31, 1;
L_0000015687948840 .part v00000156878fa1e0_0, 7, 1;
L_00000156879462c0 .part v00000156878fa1e0_0, 25, 6;
L_0000015687946a40 .part v00000156878fa1e0_0, 8, 4;
LS_0000015687946fe0_0_0 .concat [ 4 6 1 1], L_0000015687946a40, L_00000156879462c0, L_0000015687948840, L_00000156878faf00;
LS_0000015687946fe0_0_4 .concat [ 20 0 0 0], L_00000156878fb680;
L_0000015687946fe0 .concat [ 12 20 0 0], LS_0000015687946fe0_0_0, LS_0000015687946fe0_0_4;
L_0000015687946c20 .cmp/eq 7, L_00000156878fb900, L_00000156878fe1e0;
L_00000156879483e0 .part v00000156878fa1e0_0, 31, 1;
LS_0000015687947760_0_0 .concat [ 1 1 1 1], L_00000156879483e0, L_00000156879483e0, L_00000156879483e0, L_00000156879483e0;
LS_0000015687947760_0_4 .concat [ 1 1 1 1], L_00000156879483e0, L_00000156879483e0, L_00000156879483e0, L_00000156879483e0;
LS_0000015687947760_0_8 .concat [ 1 1 1 1], L_00000156879483e0, L_00000156879483e0, L_00000156879483e0, L_00000156879483e0;
LS_0000015687947760_0_12 .concat [ 1 1 1 1], L_00000156879483e0, L_00000156879483e0, L_00000156879483e0, L_00000156879483e0;
LS_0000015687947760_0_16 .concat [ 1 1 1 1], L_00000156879483e0, L_00000156879483e0, L_00000156879483e0, L_00000156879483e0;
LS_0000015687947760_1_0 .concat [ 4 4 4 4], LS_0000015687947760_0_0, LS_0000015687947760_0_4, LS_0000015687947760_0_8, LS_0000015687947760_0_12;
LS_0000015687947760_1_4 .concat [ 4 0 0 0], LS_0000015687947760_0_16;
L_0000015687947760 .concat [ 16 4 0 0], LS_0000015687947760_1_0, LS_0000015687947760_1_4;
L_0000015687947260 .part v00000156878fa1e0_0, 25, 7;
L_00000156879476c0 .part v00000156878fa1e0_0, 7, 5;
L_0000015687946ae0 .concat [ 5 7 20 0], L_00000156879476c0, L_0000015687947260, L_0000015687947760;
L_0000015687947f80 .cmp/eq 7, L_00000156878fb900, L_00000156878fe228;
L_0000015687948480 .part v00000156878fa1e0_0, 31, 1;
LS_0000015687948340_0_0 .concat [ 1 1 1 1], L_0000015687948480, L_0000015687948480, L_0000015687948480, L_0000015687948480;
LS_0000015687948340_0_4 .concat [ 1 1 1 1], L_0000015687948480, L_0000015687948480, L_0000015687948480, L_0000015687948480;
LS_0000015687948340_0_8 .concat [ 1 1 1 1], L_0000015687948480, L_0000015687948480, L_0000015687948480, L_0000015687948480;
LS_0000015687948340_0_12 .concat [ 1 1 1 1], L_0000015687948480, L_0000015687948480, L_0000015687948480, L_0000015687948480;
LS_0000015687948340_0_16 .concat [ 1 1 1 1], L_0000015687948480, L_0000015687948480, L_0000015687948480, L_0000015687948480;
LS_0000015687948340_1_0 .concat [ 4 4 4 4], LS_0000015687948340_0_0, LS_0000015687948340_0_4, LS_0000015687948340_0_8, LS_0000015687948340_0_12;
LS_0000015687948340_1_4 .concat [ 4 0 0 0], LS_0000015687948340_0_16;
L_0000015687948340 .concat [ 16 4 0 0], LS_0000015687948340_1_0, LS_0000015687948340_1_4;
L_0000015687947ee0 .part v00000156878fa1e0_0, 20, 12;
L_0000015687948520 .concat [ 12 20 0 0], L_0000015687947ee0, L_0000015687948340;
L_0000015687946860 .functor MUXZ 32, L_00000156878fe270, L_0000015687948520, L_0000015687947f80, C4<>;
L_0000015687947620 .functor MUXZ 32, L_0000015687946860, L_0000015687946ae0, L_0000015687946c20, C4<>;
L_0000015687946ea0 .functor MUXZ 32, L_0000015687947620, L_0000015687946fe0, L_00000156878fadc0, C4<>;
L_0000015687948020 .functor MUXZ 32, L_0000015687946ea0, L_00000156878fad20, L_00000156878fb9a0, C4<>;
L_0000015687946cc0 .functor MUXZ 32, L_0000015687948020, L_00000156878fbd60, L_00000156878927b0, C4<>;
L_0000015687947b20 .part L_0000015687946cc0, 0, 31;
L_0000015687947300 .concat [ 1 31 0 0], L_00000156878fe2b8, L_0000015687947b20;
L_0000015687948660 .functor MUXZ 32, v00000156878f26a0_0, L_0000015687946cc0, L_0000015687948a20, C4<>;
L_0000015687947580 .functor MUXZ 32, L_00000156879465e0, v00000156878fb360_0, L_0000015687948e80, C4<>;
S_000001568783d210 .scope module, "my_alu" "alu" 4 52, 5 2 0, S_000001568785c2b0;
 .timescale -12 -12;
    .port_info 0 /OUTPUT 1 "zero";
    .port_info 1 /OUTPUT 32 "result";
    .port_info 2 /INPUT 32 "op1";
    .port_info 3 /INPUT 32 "op2";
    .port_info 4 /INPUT 4 "alu_op";
L_0000015687892cf0 .functor BUFZ 32, L_0000015687892ac0, C4<00000000000000000000000000000000>, C4<00000000000000000000000000000000>, C4<00000000000000000000000000000000>;
L_0000015687892970 .functor BUFZ 32, L_0000015687948660, C4<00000000000000000000000000000000>, C4<00000000000000000000000000000000>, C4<00000000000000000000000000000000>;
L_0000015687892d60 .functor AND 32, L_0000015687892ac0, L_0000015687948660, C4<11111111111111111111111111111111>, C4<11111111111111111111111111111111>;
L_0000015687892eb0 .functor OR 32, L_0000015687892ac0, L_0000015687948660, C4<00000000000000000000000000000000>, C4<00000000000000000000000000000000>;
L_0000015687892430 .functor XOR 32, L_0000015687892ac0, L_0000015687948660, C4<00000000000000000000000000000000>, C4<00000000000000000000000000000000>;
L_00000156878fe348 .functor BUFT 1, C4<0001>, C4<0>, C4<0>, C4<0>;
v00000156878935d0_0 .net/2u *"_ivl_10", 3 0, L_00000156878fe348;  1 drivers
v0000015687895330_0 .net *"_ivl_12", 0 0, L_0000015687946b80;  1 drivers
v0000015687893df0_0 .net *"_ivl_14", 31 0, L_0000015687892eb0;  1 drivers
L_00000156878fe390 .functor BUFT 1, C4<0010>, C4<0>, C4<0>, C4<0>;
v0000015687893530_0 .net/2u *"_ivl_16", 3 0, L_00000156878fe390;  1 drivers
v0000015687893e90_0 .net *"_ivl_18", 0 0, L_0000015687946f40;  1 drivers
v0000015687893fd0_0 .net *"_ivl_20", 31 0, L_0000015687946220;  1 drivers
L_00000156878fe3d8 .functor BUFT 1, C4<0110>, C4<0>, C4<0>, C4<0>;
v0000015687894070_0 .net/2u *"_ivl_22", 3 0, L_00000156878fe3d8;  1 drivers
v00000156878941b0_0 .net *"_ivl_24", 0 0, L_00000156879480c0;  1 drivers
v0000015687893c10_0 .net *"_ivl_26", 31 0, L_0000015687946180;  1 drivers
L_00000156878fe420 .functor BUFT 1, C4<0111>, C4<0>, C4<0>, C4<0>;
v0000015687894110_0 .net/2u *"_ivl_28", 3 0, L_00000156878fe420;  1 drivers
v00000156878950b0_0 .net *"_ivl_30", 0 0, L_0000015687946d60;  1 drivers
v00000156878953d0_0 .net *"_ivl_32", 0 0, L_0000015687947bc0;  1 drivers
v0000015687894c50_0 .net *"_ivl_34", 31 0, L_00000156879460e0;  1 drivers
L_00000156878fe468 .functor BUFT 1, C4<0000000000000000000000000000000>, C4<0>, C4<0>, C4<0>;
v0000015687893f30_0 .net *"_ivl_37", 30 0, L_00000156878fe468;  1 drivers
L_00000156878fe4b0 .functor BUFT 1, C4<1000>, C4<0>, C4<0>, C4<0>;
v00000156878951f0_0 .net/2u *"_ivl_38", 3 0, L_00000156878fe4b0;  1 drivers
L_00000156878fe300 .functor BUFT 1, C4<0000>, C4<0>, C4<0>, C4<0>;
v0000015687894b10_0 .net/2u *"_ivl_4", 3 0, L_00000156878fe300;  1 drivers
v0000015687893850_0 .net *"_ivl_40", 0 0, L_0000015687946360;  1 drivers
v0000015687894930_0 .net *"_ivl_43", 4 0, L_0000015687946720;  1 drivers
v00000156878944d0_0 .net *"_ivl_44", 31 0, L_0000015687946680;  1 drivers
L_00000156878fe4f8 .functor BUFT 1, C4<1001>, C4<0>, C4<0>, C4<0>;
v0000015687893990_0 .net/2u *"_ivl_46", 3 0, L_00000156878fe4f8;  1 drivers
v0000015687893670_0 .net *"_ivl_48", 0 0, L_00000156879485c0;  1 drivers
v0000015687893710_0 .net *"_ivl_51", 4 0, L_0000015687946400;  1 drivers
v0000015687895010_0 .net *"_ivl_52", 31 0, L_0000015687948160;  1 drivers
L_00000156878fe540 .functor BUFT 1, C4<1010>, C4<0>, C4<0>, C4<0>;
v0000015687895290_0 .net/2u *"_ivl_54", 3 0, L_00000156878fe540;  1 drivers
v0000015687894570_0 .net *"_ivl_56", 0 0, L_0000015687946900;  1 drivers
v0000015687894ed0_0 .net *"_ivl_59", 4 0, L_00000156879464a0;  1 drivers
v0000015687894a70_0 .net *"_ivl_6", 0 0, L_0000015687947800;  1 drivers
v00000156878937b0_0 .net *"_ivl_60", 31 0, L_00000156879474e0;  1 drivers
L_00000156878fe588 .functor BUFT 1, C4<1101>, C4<0>, C4<0>, C4<0>;
v0000015687894610_0 .net/2u *"_ivl_62", 3 0, L_00000156878fe588;  1 drivers
v00000156878938f0_0 .net *"_ivl_64", 0 0, L_0000015687948700;  1 drivers
v0000015687893a30_0 .net *"_ivl_66", 31 0, L_0000015687892430;  1 drivers
L_00000156878fe5d0 .functor BUFT 1, C4<00000000000000000000000000000000>, C4<0>, C4<0>, C4<0>;
v0000015687893cb0_0 .net/2u *"_ivl_68", 31 0, L_00000156878fe5d0;  1 drivers
v0000015687894f70_0 .net *"_ivl_70", 31 0, L_0000015687946e00;  1 drivers
v0000015687894bb0_0 .net *"_ivl_72", 31 0, L_00000156879471c0;  1 drivers
v00000156878946b0_0 .net *"_ivl_74", 31 0, L_00000156879469a0;  1 drivers
v0000015687893d50_0 .net *"_ivl_76", 31 0, L_00000156879478a0;  1 drivers
v0000015687894750_0 .net *"_ivl_78", 31 0, L_00000156879487a0;  1 drivers
v00000156878947f0_0 .net *"_ivl_8", 31 0, L_0000015687892d60;  1 drivers
v0000015687894cf0_0 .net *"_ivl_80", 31 0, L_00000156879473a0;  1 drivers
v0000015687894d90_0 .net *"_ivl_82", 31 0, L_0000015687946540;  1 drivers
v0000015687870f00_0 .net *"_ivl_84", 31 0, L_0000015687947080;  1 drivers
L_00000156878fe618 .functor BUFT 1, C4<00000000000000000000000000000000>, C4<0>, C4<0>, C4<0>;
v00000156878f3dc0_0 .net/2u *"_ivl_88", 31 0, L_00000156878fe618;  1 drivers
v00000156878f3140_0 .net *"_ivl_90", 0 0, L_0000015687947120;  1 drivers
L_00000156878fe660 .functor BUFT 1, C4<01>, C4<0>, C4<0>, C4<0>;
v00000156878f3e60_0 .net/2s *"_ivl_92", 1 0, L_00000156878fe660;  1 drivers
L_00000156878fe6a8 .functor BUFT 1, C4<00>, C4<0>, C4<0>, C4<0>;
v00000156878f2100_0 .net/2s *"_ivl_94", 1 0, L_00000156878fe6a8;  1 drivers
v00000156878f31e0_0 .net *"_ivl_96", 1 0, L_0000015687947440;  1 drivers
v00000156878f3460_0 .net "alu_op", 3 0, L_0000015687949a60;  alias, 1 drivers
v00000156878f3f00_0 .net "op1", 31 0, L_0000015687892ac0;  alias, 1 drivers
v00000156878f35a0_0 .net/s "op1_signed", 31 0, L_0000015687892cf0;  1 drivers
v00000156878f2e20_0 .net "op2", 31 0, L_0000015687948660;  alias, 1 drivers
v00000156878f3c80_0 .net/s "op2_signed", 31 0, L_0000015687892970;  1 drivers
v00000156878f30a0_0 .net "result", 31 0, L_00000156879465e0;  alias, 1 drivers
v00000156878f3d20_0 .net "zero", 0 0, L_0000015687947e40;  alias, 1 drivers
L_0000015687947800 .cmp/eq 4, L_0000015687949a60, L_00000156878fe300;
L_0000015687946b80 .cmp/eq 4, L_0000015687949a60, L_00000156878fe348;
L_0000015687946f40 .cmp/eq 4, L_0000015687949a60, L_00000156878fe390;
L_0000015687946220 .arith/sum 32, L_0000015687892ac0, L_0000015687948660;
L_00000156879480c0 .cmp/eq 4, L_0000015687949a60, L_00000156878fe3d8;
L_0000015687946180 .arith/sub 32, L_0000015687892ac0, L_0000015687948660;
L_0000015687946d60 .cmp/eq 4, L_0000015687949a60, L_00000156878fe420;
L_0000015687947bc0 .cmp/gt.s 32, L_0000015687892970, L_0000015687892cf0;
L_00000156879460e0 .concat [ 1 31 0 0], L_0000015687947bc0, L_00000156878fe468;
L_0000015687946360 .cmp/eq 4, L_0000015687949a60, L_00000156878fe4b0;
L_0000015687946720 .part L_0000015687948660, 0, 5;
L_0000015687946680 .shift/r 32, L_0000015687892ac0, L_0000015687946720;
L_00000156879485c0 .cmp/eq 4, L_0000015687949a60, L_00000156878fe4f8;
L_0000015687946400 .part L_0000015687948660, 0, 5;
L_0000015687948160 .shift/l 32, L_0000015687892ac0, L_0000015687946400;
L_0000015687946900 .cmp/eq 4, L_0000015687949a60, L_00000156878fe540;
L_00000156879464a0 .part L_0000015687948660, 0, 5;
L_00000156879474e0 .shift/r 32, L_0000015687892cf0, L_00000156879464a0;
L_0000015687948700 .cmp/eq 4, L_0000015687949a60, L_00000156878fe588;
L_0000015687946e00 .functor MUXZ 32, L_00000156878fe5d0, L_0000015687892430, L_0000015687948700, C4<>;
L_00000156879471c0 .functor MUXZ 32, L_0000015687946e00, L_00000156879474e0, L_0000015687946900, C4<>;
L_00000156879469a0 .functor MUXZ 32, L_00000156879471c0, L_0000015687948160, L_00000156879485c0, C4<>;
L_00000156879478a0 .functor MUXZ 32, L_00000156879469a0, L_0000015687946680, L_0000015687946360, C4<>;
L_00000156879487a0 .functor MUXZ 32, L_00000156879478a0, L_00000156879460e0, L_0000015687946d60, C4<>;
L_00000156879473a0 .functor MUXZ 32, L_00000156879487a0, L_0000015687946180, L_00000156879480c0, C4<>;
L_0000015687946540 .functor MUXZ 32, L_00000156879473a0, L_0000015687946220, L_0000015687946f40, C4<>;
L_0000015687947080 .functor MUXZ 32, L_0000015687946540, L_0000015687892eb0, L_0000015687946b80, C4<>;
L_00000156879465e0 .functor MUXZ 32, L_0000015687947080, L_0000015687892d60, L_0000015687947800, C4<>;
L_0000015687947120 .cmp/eq 32, L_00000156879465e0, L_00000156878fe618;
L_0000015687947440 .functor MUXZ 2, L_00000156878fe6a8, L_00000156878fe660, L_0000015687947120, C4<>;
L_0000015687947e40 .part L_0000015687947440, 0, 1;
S_000001568783d3a0 .scope module, "my_regfile" "regfile" 4 23, 6 1 0, S_000001568785c2b0;
 .timescale -12 -12;
    .port_info 0 /OUTPUT 32 "readData1";
    .port_info 1 /OUTPUT 32 "readData2";
    .port_info 2 /INPUT 5 "readReg1";
    .port_info 3 /INPUT 5 "readReg2";
    .port_info 4 /INPUT 5 "writeReg";
    .port_info 5 /INPUT 32 "writeData";
    .port_info 6 /INPUT 1 "clk";
    .port_info 7 /INPUT 1 "write";
v00000156878f2ec0_0 .net "clk", 0 0, v00000156878fbae0_0;  alias, 1 drivers
v00000156878f2060_0 .var "readData1", 31 0;
v00000156878f26a0_0 .var "readData2", 31 0;
v00000156878f3b40_0 .net "readReg1", 4 0, L_00000156878fa460;  alias, 1 drivers
v00000156878f36e0_0 .net "readReg2", 4 0, L_00000156878fa500;  alias, 1 drivers
v00000156878f21a0 .array "registers", 31 0, 31 0;
v00000156878f2920_0 .net "write", 0 0, v00000156878f6120_0;  alias, 1 drivers
v00000156878f3780_0 .net "writeData", 31 0, L_0000015687892200;  alias, 1 drivers
v00000156878f2f60_0 .net "writeReg", 4 0, L_00000156878faa00;  alias, 1 drivers
E_000001568788d1e0 .event posedge, v00000156878f2ec0_0;
S_000001568782c8b0 .scope begin, "$ivl_for_loop0" "$ivl_for_loop0" 6 6, 6 6 0, S_000001568783d3a0;
 .timescale -12 -12;
v00000156878f3640_0 .var/i "i", 31 0;
S_000001568784f550 .scope module, "data_mem" "DATA_MEMORY" 2 19, 7 1 0, S_0000015687898510;
 .timescale -12 -12;
    .port_info 0 /INPUT 1 "clk";
    .port_info 1 /INPUT 1 "we";
    .port_info 2 /INPUT 9 "addr";
    .port_info 3 /INPUT 32 "din";
    .port_info 4 /OUTPUT 32 "dout";
v00000156878fb5e0 .array "RAM", 0 511, 31 0;
v00000156878fa6e0_0 .net "addr", 8 0, L_00000156878fabe0;  1 drivers
v00000156878fa780_0 .net "clk", 0 0, v00000156878fbae0_0;  alias, 1 drivers
v00000156878fa320_0 .net "din", 31 0, L_00000156878925f0;  alias, 1 drivers
v00000156878fb360_0 .var "dout", 31 0;
v00000156878fb860_0 .net "we", 0 0, v00000156878f7200_0;  alias, 1 drivers
S_000001568784f6e0 .scope module, "inst_mem" "INSTRUCTION_MEMORY" 2 13, 8 1 0, S_0000015687898510;
 .timescale -12 -12;
    .port_info 0 /INPUT 1 "clk";
    .port_info 1 /INPUT 9 "addr";
    .port_info 2 /OUTPUT 32 "dout";
v00000156878fa280 .array "ROM", 0 511, 7 0;
v00000156878faaa0_0 .net "addr", 8 0, L_00000156878fb220;  1 drivers
v00000156878fbf40_0 .net "clk", 0 0, v00000156878fbae0_0;  alias, 1 drivers
v00000156878fa1e0_0 .var "dout", 31 0;
    .scope S_000001568784f6e0;
T_0 ;
    %vpi_call 8 10 "$readmemb", "rom_bytes.data", v00000156878fa280, 32'sb00000000000000000000000000000000, 32'sb00000000000000000000000111111111 {0 0 0};
    %end;
    .thread T_0;
    .scope S_000001568784f6e0;
T_1 ;
    %wait E_000001568788d1e0;
    %load/vec4 v00000156878faaa0_0;
    %pad/u 11;
    %ix/vec4 4;
    %load/vec4a v00000156878fa280, 4;
    %load/vec4 v00000156878faaa0_0;
    %pad/u 32;
    %addi 1, 0, 32;
    %ix/vec4 4;
    %load/vec4a v00000156878fa280, 4;
    %concat/vec4; draw_concat_vec4
    %load/vec4 v00000156878faaa0_0;
    %pad/u 32;
    %addi 2, 0, 32;
    %ix/vec4 4;
    %load/vec4a v00000156878fa280, 4;
    %concat/vec4; draw_concat_vec4
    %load/vec4 v00000156878faaa0_0;
    %pad/u 32;
    %addi 3, 0, 32;
    %ix/vec4 4;
    %load/vec4a v00000156878fa280, 4;
    %concat/vec4; draw_concat_vec4
    %assign/vec4 v00000156878fa1e0_0, 0;
    %jmp T_1;
    .thread T_1;
    .scope S_000001568784f550;
T_2 ;
    %wait E_000001568788d1e0;
    %load/vec4 v00000156878fb860_0;
    %flag_set/vec4 8;
    %jmp/0xz  T_2.0, 8;
    %load/vec4 v00000156878fa320_0;
    %load/vec4 v00000156878fa6e0_0;
    %pad/u 11;
    %ix/vec4 4;
    %store/vec4a v00000156878fb5e0, 4, 0;
    %jmp T_2.1;
T_2.0 ;
    %load/vec4 v00000156878fa6e0_0;
    %pad/u 11;
    %ix/vec4 4;
    %load/vec4a v00000156878fb5e0, 4;
    %store/vec4 v00000156878fb360_0, 0, 32;
T_2.1 ;
    %jmp T_2;
    .thread T_2;
    .scope S_000001568783d3a0;
T_3 ;
    %fork t_1, S_000001568782c8b0;
    %jmp t_0;
    .scope S_000001568782c8b0;
t_1 ;
    %pushi/vec4 0, 0, 32;
    %store/vec4 v00000156878f3640_0, 0, 32;
T_3.0 ;
    %load/vec4 v00000156878f3640_0;
    %cmpi/s 32, 0, 32;
    %jmp/0xz T_3.1, 5;
    %pushi/vec4 0, 0, 32;
    %ix/getv/s 4, v00000156878f3640_0;
    %store/vec4a v00000156878f21a0, 4, 0;
    %load/vec4 v00000156878f3640_0;
    %addi 1, 0, 32;
    %store/vec4 v00000156878f3640_0, 0, 32;
    %jmp T_3.0;
T_3.1 ;
    %end;
    .scope S_000001568783d3a0;
t_0 %join;
    %end;
    .thread T_3;
    .scope S_000001568783d3a0;
T_4 ;
    %wait E_000001568788d1e0;
    %load/vec4 v00000156878f3b40_0;
    %pad/u 7;
    %ix/vec4 4;
    %load/vec4a v00000156878f21a0, 4;
    %store/vec4 v00000156878f2060_0, 0, 32;
    %load/vec4 v00000156878f36e0_0;
    %pad/u 7;
    %ix/vec4 4;
    %load/vec4a v00000156878f21a0, 4;
    %store/vec4 v00000156878f26a0_0, 0, 32;
    %load/vec4 v00000156878f2920_0;
    %flag_set/vec4 8;
    %jmp/0xz  T_4.0, 8;
    %load/vec4 v00000156878f3780_0;
    %load/vec4 v00000156878f2f60_0;
    %pad/u 7;
    %ix/vec4 4;
    %store/vec4a v00000156878f21a0, 4, 0;
T_4.0 ;
    %jmp T_4;
    .thread T_4;
    .scope S_000001568785c2b0;
T_5 ;
    %wait E_000001568788d1e0;
    %load/vec4 v00000156878f4e30_0;
    %flag_set/vec4 8;
    %jmp/0xz  T_5.0, 8;
    %pushi/vec4 4194304, 0, 32;
    %assign/vec4 v00000156878f3be0_0, 0;
    %jmp T_5.1;
T_5.0 ;
    %load/vec4 v00000156878f49d0_0;
    %flag_set/vec4 8;
    %jmp/0xz  T_5.2, 8;
    %load/vec4 v00000156878f3320_0;
    %flag_set/vec4 8;
    %jmp/0xz  T_5.4, 8;
    %load/vec4 v00000156878f3be0_0;
    %load/vec4 v00000156878f4a70_0;
    %add;
    %assign/vec4 v00000156878f3be0_0, 0;
    %jmp T_5.5;
T_5.4 ;
    %load/vec4 v00000156878f3be0_0;
    %addi 4, 0, 32;
    %assign/vec4 v00000156878f3be0_0, 0;
T_5.5 ;
T_5.2 ;
T_5.1 ;
    %jmp T_5;
    .thread T_5;
    .scope S_000001568785bfc0;
T_6 ;
    %wait E_000001568788d1e0;
    %load/vec4 v00000156878fa0a0_0;
    %flag_set/vec4 8;
    %jmp/0xz  T_6.0, 8;
    %pushi/vec4 0, 0, 3;
    %assign/vec4 v00000156878f8d10_0, 0;
    %jmp T_6.1;
T_6.0 ;
    %load/vec4 v00000156878fa960_0;
    %assign/vec4 v00000156878f8d10_0, 0;
T_6.1 ;
    %jmp T_6;
    .thread T_6;
    .scope S_000001568785bfc0;
T_7 ;
    %wait E_000001568788d620;
    %load/vec4 v00000156878f8d10_0;
    %dup/vec4;
    %pushi/vec4 0, 0, 3;
    %cmp/u;
    %jmp/1 T_7.0, 6;
    %dup/vec4;
    %pushi/vec4 1, 0, 3;
    %cmp/u;
    %jmp/1 T_7.1, 6;
    %dup/vec4;
    %pushi/vec4 2, 0, 3;
    %cmp/u;
    %jmp/1 T_7.2, 6;
    %dup/vec4;
    %pushi/vec4 3, 0, 3;
    %cmp/u;
    %jmp/1 T_7.3, 6;
    %dup/vec4;
    %pushi/vec4 4, 0, 3;
    %cmp/u;
    %jmp/1 T_7.4, 6;
    %pushi/vec4 0, 0, 3;
    %store/vec4 v00000156878fa960_0, 0, 3;
    %jmp T_7.6;
T_7.0 ;
    %pushi/vec4 1, 0, 3;
    %store/vec4 v00000156878fa960_0, 0, 3;
    %jmp T_7.6;
T_7.1 ;
    %pushi/vec4 2, 0, 3;
    %store/vec4 v00000156878fa960_0, 0, 3;
    %jmp T_7.6;
T_7.2 ;
    %pushi/vec4 3, 0, 3;
    %store/vec4 v00000156878fa960_0, 0, 3;
    %jmp T_7.6;
T_7.3 ;
    %pushi/vec4 4, 0, 3;
    %store/vec4 v00000156878fa960_0, 0, 3;
    %jmp T_7.6;
T_7.4 ;
    %pushi/vec4 0, 0, 3;
    %store/vec4 v00000156878fa960_0, 0, 3;
    %jmp T_7.6;
T_7.6 ;
    %pop/vec4 1;
    %jmp T_7;
    .thread T_7, $push;
    .scope S_000001568785bfc0;
T_8 ;
    %wait E_000001568788d620;
    %load/vec4 v00000156878f8d10_0;
    %dup/vec4;
    %pushi/vec4 0, 0, 3;
    %cmp/u;
    %jmp/1 T_8.0, 6;
    %dup/vec4;
    %pushi/vec4 1, 0, 3;
    %cmp/u;
    %jmp/1 T_8.1, 6;
    %dup/vec4;
    %pushi/vec4 2, 0, 3;
    %cmp/u;
    %jmp/1 T_8.2, 6;
    %dup/vec4;
    %pushi/vec4 3, 0, 3;
    %cmp/u;
    %jmp/1 T_8.3, 6;
    %dup/vec4;
    %pushi/vec4 4, 0, 3;
    %cmp/u;
    %jmp/1 T_8.4, 6;
    %jmp T_8.5;
T_8.0 ;
    %pushi/vec4 0, 0, 1;
    %store/vec4 v00000156878f5290_0, 0, 1;
    %pushi/vec4 0, 0, 1;
    %store/vec4 v00000156878f7200_0, 0, 1;
    %pushi/vec4 0, 0, 1;
    %store/vec4 v00000156878f6120_0, 0, 1;
    %pushi/vec4 0, 0, 1;
    %store/vec4 v00000156878fb040_0, 0, 1;
    %jmp T_8.5;
T_8.1 ;
    %pushi/vec4 0, 0, 1;
    %store/vec4 v00000156878f5290_0, 0, 1;
    %pushi/vec4 0, 0, 1;
    %store/vec4 v00000156878f7200_0, 0, 1;
    %pushi/vec4 0, 0, 1;
    %store/vec4 v00000156878f6120_0, 0, 1;
    %pushi/vec4 0, 0, 1;
    %store/vec4 v00000156878fb040_0, 0, 1;
    %jmp T_8.5;
T_8.2 ;
    %pushi/vec4 0, 0, 1;
    %store/vec4 v00000156878f5290_0, 0, 1;
    %pushi/vec4 0, 0, 1;
    %store/vec4 v00000156878f7200_0, 0, 1;
    %pushi/vec4 0, 0, 1;
    %store/vec4 v00000156878f6120_0, 0, 1;
    %pushi/vec4 0, 0, 1;
    %store/vec4 v00000156878fb040_0, 0, 1;
    %jmp T_8.5;
T_8.3 ;
    %load/vec4 v00000156878fb180_0;
    %cmpi/e 3, 0, 7;
    %flag_mov 8, 4;
    %jmp/0 T_8.6, 8;
    %pushi/vec4 1, 0, 2;
    %jmp/1 T_8.7, 8;
T_8.6 ; End of true expr.
    %pushi/vec4 0, 0, 2;
    %jmp/0 T_8.7, 8;
 ; End of false expr.
    %blend;
T_8.7;
    %pad/s 1;
    %store/vec4 v00000156878f5290_0, 0, 1;
    %load/vec4 v00000156878fb180_0;
    %cmpi/e 35, 0, 7;
    %flag_mov 8, 4;
    %jmp/0 T_8.8, 8;
    %pushi/vec4 1, 0, 2;
    %jmp/1 T_8.9, 8;
T_8.8 ; End of true expr.
    %pushi/vec4 0, 0, 2;
    %jmp/0 T_8.9, 8;
 ; End of false expr.
    %blend;
T_8.9;
    %pad/s 1;
    %store/vec4 v00000156878f7200_0, 0, 1;
    %pushi/vec4 0, 0, 1;
    %store/vec4 v00000156878f6120_0, 0, 1;
    %pushi/vec4 0, 0, 1;
    %store/vec4 v00000156878fb040_0, 0, 1;
    %jmp T_8.5;
T_8.4 ;
    %pushi/vec4 0, 0, 1;
    %store/vec4 v00000156878f5290_0, 0, 1;
    %pushi/vec4 0, 0, 1;
    %store/vec4 v00000156878f7200_0, 0, 1;
    %load/vec4 v00000156878fb180_0;
    %cmpi/e 35, 0, 7;
    %jmp/1 T_8.12, 4;
    %flag_mov 8, 4;
    %load/vec4 v00000156878fb180_0;
    %cmpi/e 99, 0, 7;
    %flag_or 4, 8;
T_8.12;
    %flag_mov 8, 4;
    %jmp/0 T_8.10, 8;
    %pushi/vec4 0, 0, 2;
    %jmp/1 T_8.11, 8;
T_8.10 ; End of true expr.
    %pushi/vec4 1, 0, 2;
    %jmp/0 T_8.11, 8;
 ; End of false expr.
    %blend;
T_8.11;
    %pad/s 1;
    %store/vec4 v00000156878f6120_0, 0, 1;
    %pushi/vec4 1, 0, 1;
    %store/vec4 v00000156878fb040_0, 0, 1;
    %jmp T_8.5;
T_8.5 ;
    %pop/vec4 1;
    %jmp T_8;
    .thread T_8, $push;
    .scope S_0000015687898510;
T_9 ;
    %pushi/vec4 1, 0, 1;
    %store/vec4 v00000156878fbae0_0, 0, 1;
    %pushi/vec4 1, 0, 1;
    %store/vec4 v00000156878fb720_0, 0, 1;
    %end;
    .thread T_9;
    .scope S_0000015687898510;
T_10 ;
    %delay 10, 0;
    %load/vec4 v00000156878fbae0_0;
    %inv;
    %store/vec4 v00000156878fbae0_0, 0, 1;
    %jmp T_10;
    .thread T_10;
    .scope S_0000015687898510;
T_11 ;
    %vpi_call 2 49 "$dumpfile", "multicycle_tb.vcd" {0 0 0};
    %vpi_call 2 50 "$dumpvars", 32'sb00000000000000000000000000000000, S_0000015687898510 {0 0 0};
    %delay 20, 0;
    %pushi/vec4 0, 0, 1;
    %store/vec4 v00000156878fb720_0, 0, 1;
    %delay 5000, 0;
    %vpi_call 2 54 "$finish" {0 0 0};
    %end;
    .thread T_11;
# The file index is used to find the file name in the following table.
:file_names 9;
    "N/A";
    "<interactive>";
    "multicycle_tb.v";
    "./multicycle.v";
    "./datapath.v";
    "./alu.v";
    "./regfile.v";
    "./ram.v";
    "./rom.v";
